\BOOKMARK [0][-]{chapter*.2}{\376\377\000P\000r\000e\000f\000a\000c\000e}{}% 1
\BOOKMARK [0][-]{chapter.1}{\376\377\000G\000r\000a\000p\000h\000\040\000T\000h\000e\000o\000r\000y\000:\000\040\000T\000h\000e\000\040\000F\000o\000u\000n\000d\000a\000t\000i\000o\000n}{}% 2
\BOOKMARK [1][-]{section.1.1}{\376\377\000B\000a\000s\000i\000c\000\040\000D\000e\000f\000i\000n\000i\000t\000i\000o\000n\000s}{chapter.1}% 3
\BOOKMARK [1][-]{section.1.2}{\376\377\000G\000r\000a\000p\000h\000\040\000R\000e\000p\000r\000e\000s\000e\000n\000t\000a\000t\000i\000o\000n\000s}{chapter.1}% 4
\BOOKMARK [1][-]{section.1.3}{\376\377\000G\000r\000a\000p\000h\000\040\000T\000r\000a\000v\000e\000r\000s\000a\000l}{chapter.1}% 5
\BOOKMARK [1][-]{section.1.4}{\376\377\000S\000p\000e\000c\000t\000r\000a\000l\000\040\000G\000r\000a\000p\000h\000\040\000T\000h\000e\000o\000r\000y}{chapter.1}% 6
\BOOKMARK [1][-]{section.1.5}{\376\377\000T\000h\000e\000\040\000W\000e\000i\000s\000f\000e\000i\000l\000e\000r\040\023\000L\000e\000h\000m\000a\000n\000\040\000H\000i\000e\000r\000a\000r\000c\000h\000y}{chapter.1}% 7
\BOOKMARK [1][-]{section.1.6}{\376\377\000E\000x\000e\000r\000c\000i\000s\000e\000s}{chapter.1}% 8
\BOOKMARK [0][-]{chapter.2}{\376\377\000W\000h\000a\000t\000\040\000I\000s\000\040\000a\000\040\000K\000n\000o\000w\000l\000e\000d\000g\000e\000\040\000G\000r\000a\000p\000h\000?}{}% 9
\BOOKMARK [1][-]{section.2.1}{\376\377\000T\000o\000w\000a\000r\000d\000\040\000a\000\040\000D\000e\000f\000i\000n\000i\000t\000i\000o\000n}{chapter.2}% 10
\BOOKMARK [1][-]{section.2.2}{\376\377\000E\000h\000r\000e\000n\000b\000e\000r\000g\000'\000s\000\040\000F\000o\000u\000r\000\040\000C\000h\000a\000r\000a\000c\000t\000e\000r\000i\000s\000t\000i\000c\000s}{chapter.2}% 11
\BOOKMARK [1][-]{section.2.3}{\376\377\000K\000G\000\040\000v\000s\000.\000\040\000R\000e\000l\000a\000t\000i\000o\000n\000a\000l\000\040\000D\000a\000t\000a\000b\000a\000s\000e}{chapter.2}% 12
\BOOKMARK [1][-]{section.2.4}{\376\377\000K\000G\000\040\000v\000s\000.\000\040\000V\000e\000c\000t\000o\000r\000\040\000D\000a\000t\000a\000b\000a\000s\000e}{chapter.2}% 13
\BOOKMARK [1][-]{section.2.5}{\376\377\000M\000a\000j\000o\000r\000\040\000K\000n\000o\000w\000l\000e\000d\000g\000e\000\040\000G\000r\000a\000p\000h\000s}{chapter.2}% 14
\BOOKMARK [1][-]{section.2.6}{\376\377\000E\000x\000e\000r\000c\000i\000s\000e\000s}{chapter.2}% 15
\BOOKMARK [0][-]{chapter.3}{\376\377\000D\000a\000t\000a\000\040\000M\000o\000d\000e\000l\000s\000:\000\040\000R\000D\000F\000\040\000v\000s\000.\000\040\000L\000a\000b\000e\000l\000e\000d\000\040\000P\000r\000o\000p\000e\000r\000t\000y\000\040\000G\000r\000a\000p\000h\000s}{}% 16
\BOOKMARK [1][-]{section.3.1}{\376\377\000R\000D\000F\000:\000\040\000T\000h\000e\000\040\000R\000e\000s\000o\000u\000r\000c\000e\000\040\000D\000e\000s\000c\000r\000i\000p\000t\000i\000o\000n\000\040\000F\000r\000a\000m\000e\000w\000o\000r\000k}{chapter.3}% 17
\BOOKMARK [2][-]{subsection.3.1.1}{\376\377\000R\000D\000F\000\040\000S\000e\000r\000i\000a\000l\000i\000z\000a\000t\000i\000o\000n\000\040\000F\000o\000r\000m\000a\000t\000s}{section.3.1}% 18
\BOOKMARK [2][-]{subsection.3.1.2}{\376\377\000R\000D\000F\000-\000s\000t\000a\000r\000\040\000\050\000R\000D\000F\000*\000\051}{section.3.1}% 19
\BOOKMARK [1][-]{section.3.2}{\376\377\000L\000a\000b\000e\000l\000e\000d\000\040\000P\000r\000o\000p\000e\000r\000t\000y\000\040\000G\000r\000a\000p\000h\000s}{chapter.3}% 20
\BOOKMARK [2][-]{subsection.3.2.1}{\376\377\000K\000e\000y\000\040\000A\000d\000v\000a\000n\000t\000a\000g\000e\000s\000\040\000o\000f\000\040\000L\000P\000G\000\040\000o\000v\000e\000r\000\040\000R\000D\000F}{section.3.2}% 21
\BOOKMARK [1][-]{section.3.3}{\376\377\000D\000e\000t\000a\000i\000l\000e\000d\000\040\000C\000o\000m\000p\000a\000r\000i\000s\000o\000n}{chapter.3}% 22
\BOOKMARK [1][-]{section.3.4}{\376\377\000Q\000u\000e\000r\000y\000\040\000L\000a\000n\000g\000u\000a\000g\000e\000s\000\040\000C\000o\000m\000p\000a\000r\000e\000d}{chapter.3}% 23
\BOOKMARK [1][-]{section.3.5}{\376\377\000G\000Q\000L\000:\000\040\000T\000h\000e\000\040\000N\000e\000w\000\040\000I\000S\000O\000\040\000S\000t\000a\000n\000d\000a\000r\000d}{chapter.3}% 24
\BOOKMARK [1][-]{section.3.6}{\376\377\000E\000x\000e\000r\000c\000i\000s\000e\000s}{chapter.3}% 25
\BOOKMARK [0][-]{chapter.4}{\376\377\000O\000n\000t\000o\000l\000o\000g\000i\000e\000s\000,\000\040\000S\000c\000h\000e\000m\000a\000s\000,\000\040\000a\000n\000d\000\040\000S\000e\000m\000a\000n\000t\000i\000c\000s}{}% 26
\BOOKMARK [1][-]{section.4.1}{\376\377\000W\000h\000a\000t\000\040\000I\000s\000\040\000a\000n\000\040\000O\000n\000t\000o\000l\000o\000g\000y\000?}{chapter.4}% 27
\BOOKMARK [1][-]{section.4.2}{\376\377\000O\000n\000t\000o\000l\000o\000g\000y\000\040\000L\000a\000n\000g\000u\000a\000g\000e\000s}{chapter.4}% 28
\BOOKMARK [2][-]{subsection.4.2.1}{\376\377\000R\000D\000F\000S\000:\000\040\000R\000D\000F\000\040\000S\000c\000h\000e\000m\000a}{section.4.2}% 29
\BOOKMARK [2][-]{subsection.4.2.2}{\376\377\000O\000W\000L\000\040\0002\000:\000\040\000W\000e\000b\000\040\000O\000n\000t\000o\000l\000o\000g\000y\000\040\000L\000a\000n\000g\000u\000a\000g\000e}{section.4.2}% 30
\BOOKMARK [2][-]{subsection.4.2.3}{\376\377\000S\000K\000O\000S\000:\000\040\000S\000i\000m\000p\000l\000e\000\040\000K\000n\000o\000w\000l\000e\000d\000g\000e\000\040\000O\000r\000g\000a\000n\000i\000z\000a\000t\000i\000o\000n\000\040\000S\000y\000s\000t\000e\000m}{section.4.2}% 31
\BOOKMARK [2][-]{subsection.4.2.4}{\376\377\000S\000H\000A\000C\000L\000:\000\040\000S\000h\000a\000p\000e\000s\000\040\000C\000o\000n\000s\000t\000r\000a\000i\000n\000t\000\040\000L\000a\000n\000g\000u\000a\000g\000e}{section.4.2}% 32
\BOOKMARK [1][-]{section.4.3}{\376\377\000O\000W\000L\000\040\0002\000\040\000P\000r\000o\000f\000i\000l\000e\000s}{chapter.4}% 33
\BOOKMARK [1][-]{section.4.4}{\376\377\000O\000p\000e\000n\000\040\000W\000o\000r\000l\000d\000\040\000v\000s\000.\000\040\000C\000l\000o\000s\000e\000d\000\040\000W\000o\000r\000l\000d}{chapter.4}% 34
\BOOKMARK [1][-]{section.4.5}{\376\377\000O\000n\000t\000o\000l\000o\000g\000y\000\040\000D\000e\000s\000i\000g\000n\000\040\000M\000e\000t\000h\000o\000d\000o\000l\000o\000g\000y}{chapter.4}% 35
\BOOKMARK [1][-]{section.4.6}{\376\377\000R\000e\000a\000s\000o\000n\000i\000n\000g\000\040\000a\000n\000d\000\040\000I\000n\000f\000e\000r\000e\000n\000c\000e}{chapter.4}% 36
\BOOKMARK [1][-]{section.4.7}{\376\377\000E\000x\000e\000r\000c\000i\000s\000e\000s}{chapter.4}% 37
\BOOKMARK [0][-]{chapter.5}{\376\377\000K\000n\000o\000w\000l\000e\000d\000g\000e\000\040\000G\000r\000a\000p\000h\000\040\000C\000o\000n\000s\000t\000r\000u\000c\000t\000i\000o\000n\000\040\000P\000i\000p\000e\000l\000i\000n\000e}{}% 38
\BOOKMARK [1][-]{section.5.1}{\376\377\000P\000i\000p\000e\000l\000i\000n\000e\000\040\000A\000r\000c\000h\000i\000t\000e\000c\000t\000u\000r\000e}{chapter.5}% 39
\BOOKMARK [1][-]{section.5.2}{\376\377\000S\000o\000u\000r\000c\000e\000\040\000D\000a\000t\000a\000\040\000T\000y\000p\000e\000s}{chapter.5}% 40
\BOOKMARK [1][-]{section.5.3}{\376\377\000N\000a\000m\000e\000d\000\040\000E\000n\000t\000i\000t\000y\000\040\000R\000e\000c\000o\000g\000n\000i\000t\000i\000o\000n\000\040\000\050\000N\000E\000R\000\051}{chapter.5}% 41
\BOOKMARK [2][-]{subsection.5.3.1}{\376\377\000A\000p\000p\000r\000o\000a\000c\000h\000e\000s}{section.5.3}% 42
\BOOKMARK [1][-]{section.5.4}{\376\377\000R\000e\000l\000a\000t\000i\000o\000n\000\040\000E\000x\000t\000r\000a\000c\000t\000i\000o\000n\000\040\000\050\000R\000E\000\051}{chapter.5}% 43
\BOOKMARK [2][-]{subsection.5.4.1}{\376\377\000A\000p\000p\000r\000o\000a\000c\000h\000e\000s}{section.5.4}% 44
\BOOKMARK [1][-]{section.5.5}{\376\377\000E\000n\000t\000i\000t\000y\000\040\000L\000i\000n\000k\000i\000n\000g\000\040\000\050\000D\000i\000s\000a\000m\000b\000i\000g\000u\000a\000t\000i\000o\000n\000\051}{chapter.5}% 45
\BOOKMARK [1][-]{section.5.6}{\376\377\000K\000n\000o\000w\000l\000e\000d\000g\000e\000\040\000F\000u\000s\000i\000o\000n\000\040\000a\000n\000d\000\040\000D\000e\000d\000u\000p\000l\000i\000c\000a\000t\000i\000o\000n}{chapter.5}% 46
\BOOKMARK [2][-]{subsection.5.6.1}{\376\377\000T\000h\000e\000\040\000D\000e\000d\000u\000p\000l\000i\000c\000a\000t\000i\000o\000n\000\040\000P\000i\000p\000e\000l\000i\000n\000e}{section.5.6}% 47
\BOOKMARK [1][-]{section.5.7}{\376\377\000E\000n\000d\000-\000t\000o\000-\000E\000n\000d\000\040\000L\000L\000M\000-\000B\000a\000s\000e\000d\000\040\000C\000o\000n\000s\000t\000r\000u\000c\000t\000i\000o\000n}{chapter.5}% 48
\BOOKMARK [1][-]{section.5.8}{\376\377\000Q\000u\000a\000l\000i\000t\000y\000\040\000A\000s\000s\000u\000r\000a\000n\000c\000e}{chapter.5}% 49
\BOOKMARK [1][-]{section.5.9}{\376\377\000E\000x\000e\000r\000c\000i\000s\000e\000s}{chapter.5}% 50
\BOOKMARK [0][-]{chapter.6}{\376\377\000Q\000u\000e\000r\000y\000i\000n\000g\000\040\000K\000n\000o\000w\000l\000e\000d\000g\000e\000\040\000G\000r\000a\000p\000h\000s}{}% 51
\BOOKMARK [1][-]{section.6.1}{\376\377\000S\000P\000A\000R\000Q\000L}{chapter.6}% 52
\BOOKMARK [2][-]{subsection.6.1.1}{\376\377\000B\000a\000s\000i\000c\000\040\000G\000r\000a\000p\000h\000\040\000P\000a\000t\000t\000e\000r\000n\000\040\000M\000a\000t\000c\000h\000i\000n\000g}{section.6.1}% 53
\BOOKMARK [2][-]{subsection.6.1.2}{\376\377\000S\000P\000A\000R\000Q\000L\000\040\000Q\000u\000e\000r\000y\000\040\000F\000o\000r\000m\000s}{section.6.1}% 54
\BOOKMARK [2][-]{subsection.6.1.3}{\376\377\000P\000r\000o\000p\000e\000r\000t\000y\000\040\000P\000a\000t\000h\000s\000\040\000\050\000M\000u\000l\000t\000i\000-\000h\000o\000p\000\051}{section.6.1}% 55
\BOOKMARK [2][-]{subsection.6.1.4}{\376\377\000C\000O\000N\000S\000T\000R\000U\000C\000T\000\040\000Q\000u\000e\000r\000i\000e\000s}{section.6.1}% 56
\BOOKMARK [1][-]{section.6.2}{\376\377\000C\000y\000p\000h\000e\000r}{chapter.6}% 57
\BOOKMARK [2][-]{subsection.6.2.1}{\376\377\000S\000h\000o\000r\000t\000e\000s\000t\000\040\000P\000a\000t\000h}{section.6.2}% 58
\BOOKMARK [1][-]{section.6.3}{\376\377\000Q\000u\000e\000r\000y\000\040\000O\000p\000t\000i\000m\000i\000s\000a\000t\000i\000o\000n}{chapter.6}% 59
\BOOKMARK [2][-]{subsection.6.3.1}{\376\377\000G\000e\000n\000e\000r\000a\000l\000\040\000P\000r\000i\000n\000c\000i\000p\000l\000e\000s}{section.6.3}% 60
\BOOKMARK [2][-]{subsection.6.3.2}{\376\377\000J\000o\000i\000n\000\040\000O\000r\000d\000e\000r\000i\000n\000g}{section.6.3}% 61
\BOOKMARK [1][-]{section.6.4}{\376\377\000E\000x\000e\000r\000c\000i\000s\000e\000s}{chapter.6}% 62
\BOOKMARK [0][-]{chapter.7}{\376\377\000K\000n\000o\000w\000l\000e\000d\000g\000e\000\040\000G\000r\000a\000p\000h\000\040\000E\000m\000b\000e\000d\000d\000i\000n\000g\000s}{}% 63
\BOOKMARK [1][-]{section.7.1}{\376\377\000T\000h\000e\000\040\000E\000m\000b\000e\000d\000d\000i\000n\000g\000\040\000P\000r\000o\000b\000l\000e\000m}{chapter.7}% 64
\BOOKMARK [1][-]{section.7.2}{\376\377\000T\000r\000a\000n\000s\000l\000a\000t\000i\000o\000n\000a\000l\000\040\000M\000o\000d\000e\000l\000s}{chapter.7}% 65
\BOOKMARK [2][-]{subsection.7.2.1}{\376\377\000T\000r\000a\000n\000s\000E\000\040\000\050\000B\000o\000r\000d\000e\000s\000\040\000e\000t\000\040\000a\000l\000.\000,\000\040\0002\0000\0001\0003\000\051}{section.7.2}% 66
\BOOKMARK [2][-]{subsection.7.2.2}{\376\377\000R\000o\000t\000a\000t\000E\000\040\000\050\000S\000u\000n\000\040\000e\000t\000\040\000a\000l\000.\000,\000\040\0002\0000\0001\0009\000\051}{section.7.2}% 67
\BOOKMARK [1][-]{section.7.3}{\376\377\000B\000i\000l\000i\000n\000e\000a\000r\000\040\000M\000o\000d\000e\000l\000s}{chapter.7}% 68
\BOOKMARK [2][-]{subsection.7.3.1}{\376\377\000D\000i\000s\000t\000M\000u\000l\000t\000\040\000\050\000Y\000a\000n\000g\000\040\000e\000t\000\040\000a\000l\000.\000,\000\040\0002\0000\0001\0005\000\051}{section.7.3}% 69
\BOOKMARK [2][-]{subsection.7.3.2}{\376\377\000C\000o\000m\000p\000l\000E\000x\000\040\000\050\000T\000r\000o\000u\000i\000l\000l\000o\000n\000\040\000e\000t\000\040\000a\000l\000.\000,\000\040\0002\0000\0001\0006\000\051}{section.7.3}% 70
\BOOKMARK [1][-]{section.7.4}{\376\377\000T\000r\000a\000i\000n\000i\000n\000g\000\040\000K\000G\000\040\000E\000m\000b\000e\000d\000d\000i\000n\000g\000s}{chapter.7}% 71
\BOOKMARK [2][-]{subsection.7.4.1}{\376\377\000L\000o\000s\000s\000\040\000F\000u\000n\000c\000t\000i\000o\000n\000s}{section.7.4}% 72
\BOOKMARK [2][-]{subsection.7.4.2}{\376\377\000N\000e\000g\000a\000t\000i\000v\000e\000\040\000S\000a\000m\000p\000l\000i\000n\000g}{section.7.4}% 73
\BOOKMARK [1][-]{section.7.5}{\376\377\000E\000v\000a\000l\000u\000a\000t\000i\000o\000n\000\040\000P\000r\000o\000t\000o\000c\000o\000l}{chapter.7}% 74
\BOOKMARK [1][-]{section.7.6}{\376\377\000E\000x\000e\000r\000c\000i\000s\000e\000s}{chapter.7}% 75
\BOOKMARK [0][-]{chapter.8}{\376\377\000G\000r\000a\000p\000h\000\040\000N\000e\000u\000r\000a\000l\000\040\000N\000e\000t\000w\000o\000r\000k\000s\000\040\000f\000o\000r\000\040\000K\000G\000s}{}% 76
\BOOKMARK [1][-]{section.8.1}{\376\377\000T\000h\000e\000\040\000M\000e\000s\000s\000a\000g\000e\000-\000P\000a\000s\000s\000i\000n\000g\000\040\000P\000a\000r\000a\000d\000i\000g\000m}{chapter.8}% 77
\BOOKMARK [1][-]{section.8.2}{\376\377\000K\000e\000y\000\040\000A\000r\000c\000h\000i\000t\000e\000c\000t\000u\000r\000e\000s}{chapter.8}% 78
\BOOKMARK [2][-]{subsection.8.2.1}{\376\377\000G\000r\000a\000p\000h\000\040\000C\000o\000n\000v\000o\000l\000u\000t\000i\000o\000n\000a\000l\000\040\000N\000e\000t\000w\000o\000r\000k\000\040\000\050\000G\000C\000N\000\051}{section.8.2}% 79
\BOOKMARK [2][-]{subsection.8.2.2}{\376\377\000G\000r\000a\000p\000h\000\040\000A\000t\000t\000e\000n\000t\000i\000o\000n\000\040\000N\000e\000t\000w\000o\000r\000k\000\040\000\050\000G\000A\000T\000\051}{section.8.2}% 80
\BOOKMARK [2][-]{subsection.8.2.3}{\376\377\000G\000r\000a\000p\000h\000S\000A\000G\000E\000\040\000\050\000H\000a\000m\000i\000l\000t\000o\000n\000\040\000e\000t\000\040\000a\000l\000.\000,\000\040\0002\0000\0001\0007\000\051}{section.8.2}% 81
\BOOKMARK [2][-]{subsection.8.2.4}{\376\377\000R\000e\000l\000a\000t\000i\000o\000n\000a\000l\000\040\000G\000r\000a\000p\000h\000\040\000C\000o\000n\000v\000o\000l\000u\000t\000i\000o\000n\000\040\000\050\000R\000-\000G\000C\000N\000\051}{section.8.2}% 82
\BOOKMARK [1][-]{section.8.3}{\376\377\000G\000N\000N\000s\000\040\000f\000o\000r\000\040\000L\000i\000n\000k\000\040\000P\000r\000e\000d\000i\000c\000t\000i\000o\000n}{chapter.8}% 83
\BOOKMARK [2][-]{subsection.8.3.1}{\376\377\000N\000B\000F\000N\000e\000t\000\040\000\050\000Z\000h\000u\000\040\000e\000t\000\040\000a\000l\000.\000,\000\040\0002\0000\0002\0001\000\051}{section.8.3}% 84
\BOOKMARK [1][-]{section.8.4}{\376\377\000E\000x\000p\000r\000e\000s\000s\000i\000v\000i\000t\000y\000\040\000L\000i\000m\000i\000t\000s}{chapter.8}% 85
\BOOKMARK [1][-]{section.8.5}{\376\377\000E\000x\000e\000r\000c\000i\000s\000e\000s}{chapter.8}% 86
\BOOKMARK [0][-]{chapter.9}{\376\377\000K\000n\000o\000w\000l\000e\000d\000g\000e\000\040\000G\000r\000a\000p\000h\000s\000\040\000a\000n\000d\000\040\000L\000L\000M\000s\000:\000\040\000G\000r\000a\000p\000h\000R\000A\000G}{}% 87
\BOOKMARK [1][-]{section.9.1}{\376\377\000T\000h\000e\000\040\000L\000i\000m\000i\000t\000s\000\040\000o\000f\000\040\000S\000t\000a\000n\000d\000a\000r\000d\000\040\000R\000A\000G}{chapter.9}% 88
\BOOKMARK [1][-]{section.9.2}{\376\377\000G\000r\000a\000p\000h\000R\000A\000G\000\040\000A\000r\000c\000h\000i\000t\000e\000c\000t\000u\000r\000e}{chapter.9}% 89
\BOOKMARK [1][-]{section.9.3}{\376\377\000G\000r\000a\000p\000h\000R\000A\000G\000\040\000S\000y\000s\000t\000e\000m\000s}{chapter.9}% 90
\BOOKMARK [2][-]{subsection.9.3.1}{\376\377\000M\000i\000c\000r\000o\000s\000o\000f\000t\000\040\000G\000r\000a\000p\000h\000R\000A\000G\000\040\000i\000n\000\040\000D\000e\000t\000a\000i\000l}{section.9.3}% 91
\BOOKMARK [1][-]{section.9.4}{\376\377\000K\000G\000-\000A\000u\000g\000m\000e\000n\000t\000e\000d\000\040\000G\000e\000n\000e\000r\000a\000t\000i\000o\000n\000:\000\040\000B\000e\000y\000o\000n\000d\000\040\000R\000e\000t\000r\000i\000e\000v\000a\000l}{chapter.9}% 92
\BOOKMARK [2][-]{subsection.9.4.1}{\376\377\000G\000r\000a\000p\000h\000-\000C\000o\000n\000s\000t\000r\000a\000i\000n\000e\000d\000\040\000R\000e\000a\000s\000o\000n\000i\000n\000g\000\040\000\050\000G\000C\000R\000\051}{section.9.4}% 93
\BOOKMARK [2][-]{subsection.9.4.2}{\376\377\000D\000y\000n\000a\000m\000i\000c\000\040\000O\000r\000a\000c\000l\000e\000-\000G\000u\000i\000d\000e\000d\000\040\000D\000e\000c\000o\000d\000i\000n\000g\000\040\000\050\000D\000o\000G\000\051}{section.9.4}% 94
\BOOKMARK [2][-]{subsection.9.4.3}{\376\377\000D\000C\000A\000-\000T\000r\000i\000e\000:\000\040\000O\000n\000t\000o\000l\000o\000g\000y\000-\000A\000w\000a\000r\000e\000\040\000C\000o\000n\000s\000t\000r\000a\000i\000n\000e\000d\000\040\000D\000e\000c\000o\000d\000i\000n\000g}{section.9.4}% 95
\BOOKMARK [1][-]{section.9.5}{\376\377\000E\000n\000t\000i\000t\000y\000\040\000L\000i\000n\000k\000i\000n\000g\000\040\000f\000o\000r\000\040\000G\000r\000a\000p\000h\000R\000A\000G}{chapter.9}% 96
\BOOKMARK [1][-]{section.9.6}{\376\377\000E\000x\000e\000r\000c\000i\000s\000e\000s}{chapter.9}% 97
\BOOKMARK [0][-]{chapter.10}{\376\377\000K\000n\000o\000w\000l\000e\000d\000g\000e\000\040\000G\000r\000a\000p\000h\000\040\000Q\000u\000e\000s\000t\000i\000o\000n\000\040\000A\000n\000s\000w\000e\000r\000i\000n\000g}{}% 98
\BOOKMARK [1][-]{section.10.1}{\376\377\000P\000r\000o\000b\000l\000e\000m\000\040\000D\000e\000f\000i\000n\000i\000t\000i\000o\000n}{chapter.10}% 99
\BOOKMARK [1][-]{section.10.2}{\376\377\000B\000e\000n\000c\000h\000m\000a\000r\000k\000s}{chapter.10}% 100
\BOOKMARK [1][-]{section.10.3}{\376\377\000S\000e\000m\000a\000n\000t\000i\000c\000\040\000P\000a\000r\000s\000i\000n\000g}{chapter.10}% 101
\BOOKMARK [2][-]{subsection.10.3.1}{\376\377\000A\000p\000p\000r\000o\000a\000c\000h\000e\000s}{section.10.3}% 102
\BOOKMARK [1][-]{section.10.4}{\376\377\000R\000e\000t\000r\000i\000e\000v\000a\000l\000-\000B\000a\000s\000e\000d\000\040\000K\000G\000Q\000A}{chapter.10}% 103
\BOOKMARK [2][-]{subsection.10.4.1}{\376\377\000Q\000A\000-\000G\000N\000N\000\040\000\050\000Y\000a\000s\000u\000n\000a\000g\000a\000\040\000e\000t\000\040\000a\000l\000.\000,\000\040\0002\0000\0002\0001\000\051}{section.10.4}% 104
\BOOKMARK [2][-]{subsection.10.4.2}{\376\377\000G\000N\000N\000-\000R\000A\000G\000\040\000\050\000M\000a\000v\000r\000o\000m\000a\000t\000i\000s\000\040\000\046\000\040\000K\000a\000r\000y\000p\000i\000s\000,\000\040\0002\0000\0002\0005\000\051}{section.10.4}% 105
\BOOKMARK [1][-]{section.10.5}{\376\377\000C\000o\000n\000s\000t\000r\000a\000i\000n\000e\000d\000\040\000D\000e\000c\000o\000d\000i\000n\000g\000\040\000f\000o\000r\000\040\000K\000G\000Q\000A}{chapter.10}% 106
\BOOKMARK [2][-]{subsection.10.5.1}{\376\377\000G\000r\000a\000p\000h\000-\000C\000o\000n\000s\000t\000r\000a\000i\000n\000e\000d\000\040\000R\000e\000a\000s\000o\000n\000i\000n\000g\000\040\000\050\000G\000C\000R\000\051}{section.10.5}% 107
\BOOKMARK [2][-]{subsection.10.5.2}{\376\377\000D\000y\000n\000a\000m\000i\000c\000\040\000O\000r\000a\000c\000l\000e\000-\000G\000u\000i\000d\000e\000d\000\040\000D\000e\000c\000o\000d\000i\000n\000g\000\040\000\050\000D\000o\000G\000\051}{section.10.5}% 108
\BOOKMARK [2][-]{subsection.10.5.3}{\376\377\000D\000C\000A\000-\000T\000r\000i\000e\000:\000\040\000O\000n\000t\000o\000l\000o\000g\000y\000-\000A\000w\000a\000r\000e\000\040\000P\000r\000u\000n\000i\000n\000g}{section.10.5}% 109
\BOOKMARK [1][-]{section.10.6}{\376\377\000E\000v\000a\000l\000u\000a\000t\000i\000o\000n\000\040\000M\000e\000t\000r\000i\000c\000s}{chapter.10}% 110
\BOOKMARK [1][-]{section.10.7}{\376\377\000E\000x\000e\000r\000c\000i\000s\000e\000s}{chapter.10}% 111
\BOOKMARK [0][-]{chapter.11}{\376\377\000S\000t\000o\000r\000a\000g\000e\000\040\000a\000n\000d\000\040\000P\000r\000o\000d\000u\000c\000t\000i\000o\000n\000\040\000I\000n\000f\000r\000a\000s\000t\000r\000u\000c\000t\000u\000r\000e}{}% 112
\BOOKMARK [1][-]{section.11.1}{\376\377\000G\000r\000a\000p\000h\000\040\000D\000a\000t\000a\000b\000a\000s\000e\000s}{chapter.11}% 113
\BOOKMARK [1][-]{section.11.2}{\376\377\000S\000t\000o\000r\000a\000g\000e\000\040\000I\000n\000t\000e\000r\000n\000a\000l\000s}{chapter.11}% 114
\BOOKMARK [2][-]{subsection.11.2.1}{\376\377\000N\000a\000t\000i\000v\000e\000\040\000G\000r\000a\000p\000h\000\040\000S\000t\000o\000r\000a\000g\000e}{section.11.2}% 115
\BOOKMARK [2][-]{subsection.11.2.2}{\376\377\000I\000n\000d\000e\000x\000i\000n\000g\000\040\000S\000t\000r\000a\000t\000e\000g\000i\000e\000s}{section.11.2}% 116
\BOOKMARK [1][-]{section.11.3}{\376\377\000S\000c\000a\000l\000i\000n\000g}{chapter.11}% 117
\BOOKMARK [2][-]{subsection.11.3.1}{\376\377\000P\000a\000r\000t\000i\000t\000i\000o\000n\000i\000n\000g}{section.11.3}% 118
\BOOKMARK [2][-]{subsection.11.3.2}{\376\377\000D\000i\000s\000t\000r\000i\000b\000u\000t\000e\000d\000\040\000G\000r\000a\000p\000h\000\040\000D\000a\000t\000a\000b\000a\000s\000e\000s}{section.11.3}% 119
\BOOKMARK [1][-]{section.11.4}{\376\377\000C\000a\000c\000h\000i\000n\000g\000\040\000S\000t\000r\000a\000t\000e\000g\000i\000e\000s}{chapter.11}% 120
\BOOKMARK [1][-]{section.11.5}{\376\377\000W\000h\000e\000n\000\040\000N\000o\000t\000\040\000t\000o\000\040\000U\000s\000e\000\040\000a\000\040\000G\000r\000a\000p\000h\000\040\000D\000a\000t\000a\000b\000a\000s\000e}{chapter.11}% 121
\BOOKMARK [1][-]{section.11.6}{\376\377\000E\000x\000e\000r\000c\000i\000s\000e\000s}{chapter.11}% 122
\BOOKMARK [0][-]{chapter.12}{\376\377\000A\000d\000v\000a\000n\000c\000e\000d\000\040\000T\000o\000p\000i\000c\000s}{}% 123
\BOOKMARK [1][-]{section.12.1}{\376\377\000T\000e\000m\000p\000o\000r\000a\000l\000\040\000K\000n\000o\000w\000l\000e\000d\000g\000e\000\040\000G\000r\000a\000p\000h\000s}{chapter.12}% 124
\BOOKMARK [2][-]{subsection.12.1.1}{\376\377\000T\000e\000m\000p\000o\000r\000a\000l\000\040\000K\000G\000\040\000E\000m\000b\000e\000d\000d\000i\000n\000g\000s}{section.12.1}% 125
\BOOKMARK [2][-]{subsection.12.1.2}{\376\377\000K\000e\000y\000\040\000T\000a\000s\000k\000s}{section.12.1}% 126
\BOOKMARK [1][-]{section.12.2}{\376\377\000H\000y\000p\000e\000r\000-\000R\000e\000l\000a\000t\000i\000o\000n\000a\000l\000\040\000K\000n\000o\000w\000l\000e\000d\000g\000e\000\040\000G\000r\000a\000p\000h\000s}{chapter.12}% 127
\BOOKMARK [1][-]{section.12.3}{\376\377\000I\000n\000d\000u\000c\000t\000i\000v\000e\000\040\000K\000G\000\040\000R\000e\000a\000s\000o\000n\000i\000n\000g}{chapter.12}% 128
\BOOKMARK [1][-]{section.12.4}{\376\377\000N\000e\000u\000r\000o\000-\000S\000y\000m\000b\000o\000l\000i\000c\000\040\000A\000I}{chapter.12}% 129
\BOOKMARK [1][-]{section.12.5}{\376\377\000Q\000u\000a\000l\000i\000t\000y\000\040\000A\000s\000s\000u\000r\000a\000n\000c\000e}{chapter.12}% 130
\BOOKMARK [1][-]{section.12.6}{\376\377\000E\000x\000e\000r\000c\000i\000s\000e\000s}{chapter.12}% 131
\BOOKMARK [0][-]{chapter.13}{\376\377\000L\000e\000a\000r\000n\000i\000n\000g\000\040\000R\000o\000a\000d\000m\000a\000p}{}% 132
\BOOKMARK [1][-]{section.13.1}{\376\377\000P\000h\000a\000s\000e\000\040\0001\000:\000\040\000F\000o\000u\000n\000d\000a\000t\000i\000o\000n\000s\000\040\000\050\000W\000e\000e\000k\000s\000\040\0001\040\023\0003\000\051}{chapter.13}% 133
\BOOKMARK [1][-]{section.13.2}{\376\377\000P\000h\000a\000s\000e\000\040\0002\000:\000\040\000C\000o\000n\000s\000t\000r\000u\000c\000t\000i\000o\000n\000\040\000a\000n\000d\000\040\000Q\000u\000e\000r\000y\000i\000n\000g\000\040\000\050\000W\000e\000e\000k\000s\000\040\0004\040\023\0005\000\051}{chapter.13}% 134
\BOOKMARK [1][-]{section.13.3}{\376\377\000P\000h\000a\000s\000e\000\040\0003\000:\000\040\000M\000L\000\040\000I\000n\000t\000e\000g\000r\000a\000t\000i\000o\000n\000\040\000\050\000W\000e\000e\000k\000s\000\040\0006\040\023\0007\000\051}{chapter.13}% 135
\BOOKMARK [1][-]{section.13.4}{\376\377\000P\000h\000a\000s\000e\000\040\0004\000:\000\040\000L\000L\000M\000\040\000I\000n\000t\000e\000g\000r\000a\000t\000i\000o\000n\000\040\000a\000n\000d\000\040\000R\000e\000s\000e\000a\000r\000c\000h\000\040\000\050\000W\000e\000e\000k\000s\000\040\0008\040\023\0009\000\051}{chapter.13}% 136
\BOOKMARK [1][-]{section.13.5}{\376\377\000W\000e\000e\000k\000l\000y\000\040\000C\000o\000m\000m\000i\000t\000m\000e\000n\000t}{chapter.13}% 137
\BOOKMARK [1][-]{section.13.6}{\376\377\000A\000d\000v\000a\000n\000c\000e\000d\000\040\000E\000x\000t\000e\000n\000s\000i\000o\000n\000s}{chapter.13}% 138
\BOOKMARK [0][-]{chapter.14}{\376\377\000R\000e\000s\000o\000u\000r\000c\000e\000\040\000I\000n\000d\000e\000x}{}% 139
\BOOKMARK [1][-]{section.14.1}{\376\377\000B\000o\000o\000k\000s}{chapter.14}% 140
\BOOKMARK [1][-]{section.14.2}{\376\377\000C\000o\000u\000r\000s\000e\000s}{chapter.14}% 141
\BOOKMARK [1][-]{section.14.3}{\376\377\000S\000o\000f\000t\000w\000a\000r\000e\000\040\000a\000n\000d\000\040\000T\000o\000o\000l\000s}{chapter.14}% 142
\BOOKMARK [1][-]{section.14.4}{\376\377\000D\000a\000t\000a\000s\000e\000t\000s}{chapter.14}% 143
\BOOKMARK [1][-]{section.14.5}{\376\377\000C\000o\000n\000f\000e\000r\000e\000n\000c\000e\000s\000\040\000a\000n\000d\000\040\000V\000e\000n\000u\000e\000s}{chapter.14}% 144
\BOOKMARK [1][-]{section.14.6}{\376\377\000R\000e\000p\000r\000o\000d\000u\000c\000t\000i\000o\000n\000\040\000C\000h\000e\000c\000k\000l\000i\000s\000t}{chapter.14}% 145
\BOOKMARK [0][-]{appendix.A}{\376\377\000A\000p\000p\000e\000n\000d\000i\000x\000:\000\040\000M\000a\000t\000h\000e\000m\000a\000t\000i\000c\000a\000l\000\040\000N\000o\000t\000a\000t\000i\000o\000n}{}% 146
