\BOOKMARK [0][-]{chapter*.2}{\376\377\000P\000r\000e\000f\000a\000c\000e}{}% 1
\BOOKMARK [0][-]{chapter.1}{\376\377\000P\000r\000o\000j\000e\000c\000t\000\040\000O\000v\000e\000r\000v\000i\000e\000w}{}% 2
\BOOKMARK [1][-]{section.1.1}{\376\377\000R\000e\000s\000e\000a\000r\000c\000h\000\040\000P\000r\000o\000b\000l\000e\000m}{chapter.1}% 3
\BOOKMARK [1][-]{section.1.2}{\376\377\000T\000h\000e\000\040\000D\000C\000A\000-\000T\000r\000i\000e\000\040\000S\000o\000l\000u\000t\000i\000o\000n}{chapter.1}% 4
\BOOKMARK [1][-]{section.1.3}{\376\377\000T\000h\000r\000e\000e\000\040\000A\000p\000p\000r\000o\000a\000c\000h\000e\000s}{chapter.1}% 5
\BOOKMARK [1][-]{section.1.4}{\376\377\000D\000i\000r\000e\000c\000t\000o\000r\000y\000\040\000S\000t\000r\000u\000c\000t\000u\000r\000e}{chapter.1}% 6
\BOOKMARK [0][-]{chapter.2}{\376\377\000A\000r\000c\000h\000i\000t\000e\000c\000t\000u\000r\000e}{}% 7
\BOOKMARK [1][-]{section.2.1}{\376\377\000L\000a\000y\000e\000r\000\040\000D\000i\000a\000g\000r\000a\000m}{chapter.2}% 8
\BOOKMARK [1][-]{section.2.2}{\376\377\000M\000o\000d\000u\000l\000e\000\040\000D\000e\000p\000e\000n\000d\000e\000n\000c\000y\000\040\000G\000r\000a\000p\000h}{chapter.2}% 9
\BOOKMARK [1][-]{section.2.3}{\376\377\000D\000a\000t\000a\000\040\000F\000l\000o\000w\000:\000\040\000P\000r\000e\000d\000i\000c\000t\000i\000o\000n\000\040\000P\000i\000p\000e\000l\000i\000n\000e}{chapter.2}% 10
\BOOKMARK [0][-]{chapter.3}{\376\377\000C\000o\000r\000e\000\040\000L\000i\000b\000r\000a\000r\000y\000:\000\040\000s\000r\000c\000/}{}% 11
\BOOKMARK [1][-]{section.3.1}{\376\377\000t\000r\000i\000e\000.\000p\000y\000\040\040\024\000\040\000T\000r\000i\000e\000\040\000I\000m\000p\000l\000e\000m\000e\000n\000t\000a\000t\000i\000o\000n\000s}{chapter.3}% 12
\BOOKMARK [2][-]{subsection.3.1.1}{\376\377\000C\000l\000a\000s\000s\000\040\000T\000r\000i\000e}{section.3.1}% 13
\BOOKMARK [2][-]{subsection.3.1.2}{\376\377\000C\000l\000a\000s\000s\000\040\000M\000a\000r\000i\000s\000a\000T\000r\000i\000e}{section.3.1}% 14
\BOOKMARK [2][-]{subsection.3.1.3}{\376\377\000K\000e\000y\000\040\000D\000e\000s\000i\000g\000n\000\040\000D\000e\000c\000i\000s\000i\000o\000n}{section.3.1}% 15
\BOOKMARK [1][-]{section.3.2}{\376\377\000g\000r\000a\000p\000h\000\137\000c\000o\000n\000s\000t\000r\000a\000i\000n\000e\000d\000\137\000d\000e\000c\000o\000d\000i\000n\000g\000.\000p\000y\000\040\040\024\000\040\000T\000o\000k\000e\000n\000-\000L\000e\000v\000e\000l\000\040\000C\000o\000n\000s\000t\000r\000a\000i\000n\000t}{chapter.3}% 16
\BOOKMARK [2][-]{subsection.3.2.1}{\376\377\000H\000o\000w\000\040\000I\000t\000\040\000W\000o\000r\000k\000s}{section.3.2}% 17
\BOOKMARK [2][-]{subsection.3.2.2}{\376\377\000C\000r\000i\000t\000i\000c\000a\000l\000\040\000D\000e\000t\000a\000i\000l}{section.3.2}% 18
\BOOKMARK [1][-]{section.3.3}{\376\377\000q\000a\000\137\000p\000r\000o\000m\000p\000t\000\137\000b\000u\000i\000l\000d\000e\000r\000.\000p\000y\000\040\040\024\000\040\000P\000r\000o\000m\000p\000t\000\040\000C\000o\000n\000s\000t\000r\000u\000c\000t\000i\000o\000n}{chapter.3}% 19
\BOOKMARK [2][-]{subsection.3.3.1}{\376\377\000C\000l\000a\000s\000s\000\040\000H\000i\000e\000r\000a\000r\000c\000h\000y}{section.3.3}% 20
\BOOKMARK [2][-]{subsection.3.3.2}{\376\377\000B\000a\000s\000e\000\040\000C\000l\000a\000s\000s\000:\000\040\000G\000r\000a\000p\000h\000C\000o\000n\000s\000t\000r\000a\000i\000n\000e\000d\000P\000r\000o\000m\000p\000t\000B\000u\000i\000l\000d\000e\000r}{section.3.3}% 21
\BOOKMARK [2][-]{subsection.3.3.3}{\376\377\000P\000r\000o\000m\000p\000t\000\040\000T\000e\000m\000p\000l\000a\000t\000e\000s}{section.3.3}% 22
\BOOKMARK [2][-]{subsection.3.3.4}{\376\377\000P\000a\000t\000h\000\040\000S\000t\000r\000i\000n\000g\000\040\000F\000o\000r\000m\000a\000t}{section.3.3}% 23
\BOOKMARK [0][-]{chapter.4}{\376\377\000M\000o\000d\000e\000l\000\040\000L\000a\000y\000e\000r\000:\000\040\000s\000r\000c\000/\000l\000l\000m\000s\000/}{}% 24
\BOOKMARK [1][-]{section.4.1}{\376\377\000A\000r\000c\000h\000i\000t\000e\000c\000t\000u\000r\000e\000\040\000O\000v\000e\000r\000v\000i\000e\000w}{chapter.4}% 25
\BOOKMARK [1][-]{section.4.2}{\376\377\000b\000a\000s\000e\000\137\000l\000a\000n\000g\000u\000a\000g\000e\000\137\000m\000o\000d\000e\000l\000.\000p\000y\000\040\040\024\000\040\000A\000b\000s\000t\000r\000a\000c\000t\000\040\000B\000a\000s\000e\000\040\000C\000l\000a\000s\000s}{chapter.4}% 26
\BOOKMARK [1][-]{section.4.3}{\376\377\000b\000a\000s\000e\000\137\000h\000f\000\137\000c\000a\000u\000s\000a\000l\000\137\000m\000o\000d\000e\000l\000.\000p\000y\000\040\040\024\000\040\000H\000u\000g\000g\000i\000n\000g\000F\000a\000c\000e\000\040\000C\000a\000u\000s\000a\000l\000\040\000L\000M}{chapter.4}% 27
\BOOKMARK [2][-]{subsection.4.3.1}{\376\377\000M\000o\000d\000e\000l\000\040\000L\000o\000a\000d\000i\000n\000g}{section.4.3}% 28
\BOOKMARK [2][-]{subsection.4.3.2}{\376\377\000G\000e\000n\000e\000r\000a\000t\000i\000o\000n\000\040\000M\000o\000d\000e\000s}{section.4.3}% 29
\BOOKMARK [2][-]{subsection.4.3.3}{\376\377\000G\000e\000n\000e\000r\000a\000t\000i\000o\000n\000\040\000M\000e\000t\000h\000o\000d}{section.4.3}% 30
\BOOKMARK [2][-]{subsection.4.3.4}{\376\377\000P\000r\000o\000m\000p\000t\000\040\000P\000r\000e\000p\000a\000r\000a\000t\000i\000o\000n}{section.4.3}% 31
\BOOKMARK [1][-]{section.4.4}{\376\377\000g\000r\000a\000p\000h\000\137\000c\000o\000n\000s\000t\000r\000a\000i\000n\000e\000d\000\137\000d\000e\000c\000o\000d\000i\000n\000g\000\137\000m\000o\000d\000e\000l\000.\000p\000y\000\040\040\024\000\040\000G\000C\000R\000\040\000M\000o\000d\000e\000l}{chapter.4}% 32
\BOOKMARK [1][-]{section.4.5}{\376\377\000l\000l\000m\000\137\000p\000r\000o\000x\000y\000.\000p\000y\000\040\040\024\000\040\000F\000a\000s\000t\000C\000h\000a\000t\000/\000O\000p\000e\000n\000A\000I\000\040\000P\000r\000o\000x\000y}{chapter.4}% 33
\BOOKMARK [2][-]{subsection.4.5.1}{\376\377\000s\000t\000a\000r\000t\000\137\000f\000a\000s\000t\000c\000h\000a\000t\000\137\000a\000p\000i\000.\000p\000y}{section.4.5}% 34
\BOOKMARK [1][-]{section.4.6}{\376\377\000c\000o\000n\000v\000\137\000p\000r\000o\000m\000p\000t\000.\000p\000y\000\040\040\024\000\040\000C\000o\000n\000v\000e\000r\000s\000a\000t\000i\000o\000n\000\040\000T\000e\000m\000p\000l\000a\000t\000e\000s}{chapter.4}% 35
\BOOKMARK [1][-]{section.4.7}{\376\377\000m\000o\000d\000e\000l\000\137\000a\000d\000a\000p\000t\000e\000r\000.\000p\000y\000\040\040\024\000\040\000P\000r\000o\000m\000p\000t\000\040\000A\000d\000a\000p\000t\000e\000r\000s}{chapter.4}% 36
\BOOKMARK [1][-]{section.4.8}{\376\377\000c\000h\000a\000t\000g\000p\000t\000.\000p\000y\000\040\040\024\000\040\000O\000p\000e\000n\000A\000I\000\040\000D\000i\000r\000e\000c\000t}{chapter.4}% 37
\BOOKMARK [0][-]{chapter.5}{\376\377\000U\000t\000i\000l\000i\000t\000y\000\040\000M\000o\000d\000u\000l\000e\000s\000:\000\040\000s\000r\000c\000/\000u\000t\000i\000l\000s\000/}{}% 38
\BOOKMARK [1][-]{section.5.1}{\376\377\000g\000r\000a\000p\000h\000\137\000u\000t\000i\000l\000s\000.\000p\000y\000\040\040\024\000\040\000G\000r\000a\000p\000h\000\040\000O\000p\000e\000r\000a\000t\000i\000o\000n\000s}{chapter.5}% 39
\BOOKMARK [2][-]{subsection.5.1.1}{\376\377\000b\000u\000i\000l\000d\000\137\000g\000r\000a\000p\000h}{section.5.1}% 40
\BOOKMARK [2][-]{subsection.5.1.2}{\376\377\000d\000f\000s}{section.5.1}% 41
\BOOKMARK [2][-]{subsection.5.1.3}{\376\377\000g\000e\000t\000\137\000t\000r\000u\000t\000h\000\137\000p\000a\000t\000h\000s}{section.5.1}% 42
\BOOKMARK [2][-]{subsection.5.1.4}{\376\377\000b\000f\000s\000\137\000w\000i\000t\000h\000\137\000r\000u\000l\000e}{section.5.1}% 43
\BOOKMARK [2][-]{subsection.5.1.5}{\376\377\000g\000e\000t\000\137\000s\000i\000m\000p\000l\000e\000\137\000p\000a\000t\000h\000s}{section.5.1}% 44
\BOOKMARK [2][-]{subsection.5.1.6}{\376\377\000g\000e\000t\000\137\000n\000e\000g\000a\000t\000i\000v\000e\000\137\000p\000a\000t\000h\000s\000\040\000/\000\040\000g\000e\000t\000\137\000r\000a\000n\000d\000o\000m\000\137\000p\000a\000t\000h\000s}{section.5.1}% 45
\BOOKMARK [1][-]{section.5.2}{\376\377\000q\000a\000\137\000u\000t\000i\000l\000s\000.\000p\000y\000\040\040\024\000\040\000E\000v\000a\000l\000u\000a\000t\000i\000o\000n\000\040\000M\000e\000t\000r\000i\000c\000s}{chapter.5}% 46
\BOOKMARK [2][-]{subsection.5.2.1}{\376\377\000A\000n\000s\000w\000e\000r\000\040\000N\000o\000r\000m\000a\000l\000i\000s\000a\000t\000i\000o\000n}{section.5.2}% 47
\BOOKMARK [2][-]{subsection.5.2.2}{\376\377\000P\000e\000r\000-\000S\000a\000m\000p\000l\000e\000\040\000M\000e\000t\000r\000i\000c\000s}{section.5.2}% 48
\BOOKMARK [2][-]{subsection.5.2.3}{\376\377\000A\000g\000g\000r\000e\000g\000a\000t\000e\000\040\000E\000v\000a\000l\000u\000a\000t\000o\000r\000s}{section.5.2}% 49
\BOOKMARK [1][-]{section.5.3}{\376\377\000a\000l\000i\000g\000n\000\137\000u\000t\000i\000l\000s\000.\000p\000y\000\040\040\024\000\040\000P\000a\000t\000h\000\040\000A\000l\000i\000g\000n\000m\000e\000n\000t}{chapter.5}% 50
\BOOKMARK [1][-]{section.5.4}{\376\377\000u\000t\000i\000l\000s\000.\000p\000y\000\040\040\024\000\040\000F\000i\000l\000e\000\040\000a\000n\000d\000\040\000S\000t\000r\000i\000n\000g\000\040\000U\000t\000i\000l\000i\000t\000i\000e\000s}{chapter.5}% 51
\BOOKMARK [1][-]{section.5.5}{\376\377\000t\000r\000a\000i\000n\000i\000n\000g\000\137\000u\000t\000i\000l\000s\000.\000p\000y}{chapter.5}% 52
\BOOKMARK [0][-]{chapter.6}{\376\377\000S\000y\000m\000b\000o\000l\000i\000c\000\040\000T\000y\000p\000e\000O\000r\000a\000c\000l\000e}{}% 53
\BOOKMARK [1][-]{section.6.1}{\376\377\000L\000o\000c\000a\000t\000i\000o\000n\000\040\000a\000n\000d\000\040\000P\000u\000r\000p\000o\000s\000e}{chapter.6}% 54
\BOOKMARK [1][-]{section.6.2}{\376\377\000T\000y\000p\000e\000\040\000C\000o\000n\000s\000t\000a\000n\000t\000s}{chapter.6}% 55
\BOOKMARK [1][-]{section.6.3}{\376\377\000A\000n\000s\000w\000e\000r\000\040\000T\000y\000p\000e\000\040\000I\000n\000f\000e\000r\000e\000n\000c\000e}{chapter.6}% 56
\BOOKMARK [1][-]{section.6.4}{\376\377\000R\000e\000l\000a\000t\000i\000o\000n\000\040\000S\000c\000h\000e\000m\000a}{chapter.6}% 57
\BOOKMARK [1][-]{section.6.5}{\376\377\000C\000l\000a\000s\000s\000\040\000T\000y\000p\000e\000O\000r\000a\000c\000l\000e}{chapter.6}% 58
\BOOKMARK [2][-]{subsection.6.5.1}{\376\377\000C\000o\000n\000s\000t\000r\000u\000c\000t\000i\000o\000n}{section.6.5}% 59
\BOOKMARK [2][-]{subsection.6.5.2}{\376\377\000G\000a\000t\000e\000\040\0001\000:\000\040\000A\000n\000s\000w\000e\000r\000\040\000T\000y\000p\000e\000\040\000G\000a\000t\000e\000\040\000\050\000t\000y\000p\000e\000\137\000g\000a\000t\000e\000\051}{section.6.5}% 60
\BOOKMARK [2][-]{subsection.6.5.3}{\376\377\000G\000a\000t\000e\000\040\0002\000:\000\040\000P\000r\000o\000p\000e\000r\000t\000y\000\040\000R\000a\000n\000g\000e\000\040\000G\000a\000t\000e\000\040\000\050\000r\000a\000n\000g\000e\000\137\000g\000a\000t\000e\000\051}{section.6.5}% 61
\BOOKMARK [2][-]{subsection.6.5.4}{\376\377\000C\000o\000m\000b\000i\000n\000e\000d\000\040\000G\000a\000t\000e}{section.6.5}% 62
\BOOKMARK [2][-]{subsection.6.5.5}{\376\377\000S\000I\000R\000\040\000C\000o\000m\000p\000u\000t\000a\000t\000i\000o\000n\000\040\000H\000e\000l\000p\000e\000r}{section.6.5}% 63
\BOOKMARK [0][-]{chapter.7}{\376\377\000W\000o\000r\000k\000f\000l\000o\000w\000\040\000S\000c\000r\000i\000p\000t\000s}{}% 64
\BOOKMARK [1][-]{section.7.1}{\376\377\000p\000r\000e\000d\000i\000c\000t\000\137\000p\000a\000t\000h\000s\000\137\000a\000n\000d\000\137\000a\000n\000s\000w\000e\000r\000s\000.\000p\000y\000\040\040\024\000\040\000G\000C\000R\000\040\000B\000a\000s\000e\000l\000i\000n\000e}{chapter.7}% 65
\BOOKMARK [2][-]{subsection.7.1.1}{\376\377\000D\000a\000t\000a\000\040\000F\000l\000o\000w}{section.7.1}% 66
\BOOKMARK [2][-]{subsection.7.1.2}{\376\377\000K\000e\000y\000\040\000A\000r\000g\000u\000m\000e\000n\000t\000s}{section.7.1}% 67
\BOOKMARK [2][-]{subsection.7.1.3}{\376\377\000P\000r\000o\000m\000p\000t\000\040\000B\000u\000i\000l\000d\000e\000r\000\040\000I\000n\000i\000t\000i\000a\000l\000i\000s\000a\000t\000i\000o\000n}{section.7.1}% 68
\BOOKMARK [2][-]{subsection.7.1.4}{\376\377\000G\000e\000n\000e\000r\000a\000t\000i\000o\000n\000\040\000C\000a\000l\000l}{section.7.1}% 69
\BOOKMARK [1][-]{section.7.2}{\376\377\000p\000r\000e\000d\000i\000c\000t\000\137\000s\000y\000m\000b\000o\000l\000i\000c\000\137\000d\000c\000a\000\137\000t\000r\000i\000e\000.\000p\000y\000\040\040\024\000\040\000S\000y\000m\000b\000o\000l\000i\000c\000\040\000D\000C\000A\000-\000T\000r\000i\000e}{chapter.7}% 70
\BOOKMARK [2][-]{subsection.7.2.1}{\376\377\000V\0001\000:\000\040\000S\000t\000a\000t\000i\000c\000\040\000F\000i\000l\000t\000e\000r\000i\000n\000g\000\040\000\050\000A\000l\000g\000o\000r\000i\000t\000h\000m\000\040\0001\000\051}{section.7.2}% 71
\BOOKMARK [2][-]{subsection.7.2.2}{\376\377\000V\0002\000:\000\040\000S\000t\000e\000p\000-\000W\000i\000s\000e\000\040\000E\000x\000p\000a\000n\000s\000i\000o\000n\000\040\000\050\000A\000l\000g\000o\000r\000i\000t\000h\000m\000\040\0002\000\051}{section.7.2}% 72
\BOOKMARK [2][-]{subsection.7.2.3}{\376\377\000S\000I\000R\000\040\000C\000o\000m\000p\000u\000t\000a\000t\000i\000o\000n}{section.7.2}% 73
\BOOKMARK [1][-]{section.7.3}{\376\377\000p\000r\000e\000d\000i\000c\000t\000\137\000f\000i\000n\000a\000l\000\137\000a\000n\000s\000w\000e\000r\000.\000p\000y\000\040\040\024\000\040\000A\000n\000s\000w\000e\000r\000-\000O\000n\000l\000y\000\040\000P\000r\000e\000d\000i\000c\000t\000i\000o\000n}{chapter.7}% 74
\BOOKMARK [1][-]{section.7.4}{\376\377\000f\000i\000n\000e\000t\000u\000n\000e\000\137\000k\000g\000\137\000s\000p\000e\000c\000i\000a\000l\000i\000z\000e\000d\000\137\000l\000l\000m\000.\000p\000y\000\040\040\024\000\040\000T\000r\000a\000i\000n\000i\000n\000g}{chapter.7}% 75
\BOOKMARK [2][-]{subsection.7.4.1}{\376\377\000T\000r\000a\000i\000n\000i\000n\000g\000\040\000D\000a\000t\000a\000\040\000F\000o\000r\000m\000a\000t}{section.7.4}% 76
\BOOKMARK [2][-]{subsection.7.4.2}{\376\377\000L\000o\000R\000A\000\040\000C\000o\000n\000f\000i\000g\000u\000r\000a\000t\000i\000o\000n}{section.7.4}% 77
\BOOKMARK [1][-]{section.7.5}{\376\377\000b\000u\000i\000l\000d\000\137\000g\000r\000a\000p\000h\000\137\000i\000n\000d\000e\000x\000.\000p\000y\000\040\000a\000n\000d\000\040\000b\000u\000i\000l\000d\000\137\000s\000h\000o\000r\000t\000e\000s\000t\000\137\000p\000a\000t\000h\000\137\000i\000n\000d\000e\000x\000.\000p\000y}{chapter.7}% 78
\BOOKMARK [0][-]{chapter.8}{\376\377\000M\000e\000t\000r\000i\000c\000s\000\040\000a\000n\000d\000\040\000E\000v\000a\000l\000u\000a\000t\000i\000o\000n}{}% 79
\BOOKMARK [1][-]{section.8.1}{\376\377\000A\000n\000s\000w\000e\000r\000\040\000M\000e\000t\000r\000i\000c\000s}{chapter.8}% 80
\BOOKMARK [2][-]{subsection.8.1.1}{\376\377\000A\000c\000c\000u\000r\000a\000c\000y\000\040\000\050\000P\000e\000r\000-\000S\000a\000m\000p\000l\000e\000\051}{section.8.1}% 81
\BOOKMARK [2][-]{subsection.8.1.2}{\376\377\000H\000i\000t\000@\0001\000\040\000\050\000P\000e\000r\000-\000S\000a\000m\000p\000l\000e\000\051}{section.8.1}% 82
\BOOKMARK [2][-]{subsection.8.1.3}{\376\377\000F\0001\000\040\000S\000c\000o\000r\000e}{section.8.1}% 83
\BOOKMARK [2][-]{subsection.8.1.4}{\376\377\000A\000g\000g\000r\000e\000g\000a\000t\000e\000\040\000M\000e\000t\000r\000i\000c\000s}{section.8.1}% 84
\BOOKMARK [1][-]{section.8.2}{\376\377\000P\000a\000t\000h\000\040\000M\000e\000t\000r\000i\000c\000s}{chapter.8}% 85
\BOOKMARK [2][-]{subsection.8.2.1}{\376\377\000P\000a\000t\000h\000\040\000F\0001}{section.8.2}% 86
\BOOKMARK [2][-]{subsection.8.2.2}{\376\377\000P\000a\000t\000h\000-\000A\000n\000s\000w\000e\000r\000\040\000F\0001}{section.8.2}% 87
\BOOKMARK [2][-]{subsection.8.2.3}{\376\377\000S\000t\000r\000u\000c\000t\000u\000r\000a\000l\000\040\000F\000a\000i\000t\000h\000f\000u\000l\000n\000e\000s\000s}{section.8.2}% 88
\BOOKMARK [1][-]{section.8.3}{\376\377\000S\000e\000m\000a\000n\000t\000i\000c\000\040\000I\000r\000r\000e\000l\000e\000v\000a\000n\000c\000e\000\040\000R\000a\000t\000i\000o\000\040\000\050\000S\000I\000R\000\051}{chapter.8}% 89
\BOOKMARK [2][-]{subsection.8.3.1}{\376\377\000O\000v\000e\000r\000a\000l\000l\000\040\000S\000I\000R}{section.8.3}% 90
\BOOKMARK [2][-]{subsection.8.3.2}{\376\377\000D\000e\000c\000o\000m\000p\000o\000s\000e\000d\000\040\000S\000I\000R}{section.8.3}% 91
\BOOKMARK [2][-]{subsection.8.3.3}{\376\377\000I\000n\000t\000e\000r\000p\000r\000e\000t\000a\000t\000i\000o\000n}{section.8.3}% 92
\BOOKMARK [1][-]{section.8.4}{\376\377\000F\000a\000l\000s\000e\000\040\000N\000e\000g\000a\000t\000i\000v\000e\000\040\000R\000a\000t\000e\000\040\000\050\000F\000N\000R\000\051}{chapter.8}% 93
\BOOKMARK [1][-]{section.8.5}{\376\377\000H\000a\000l\000l\000u\000c\000i\000n\000a\000t\000i\000o\000n\000\040\000R\000a\000t\000i\000o}{chapter.8}% 94
\BOOKMARK [0][-]{chapter.9}{\376\377\000D\000e\000p\000e\000n\000d\000e\000n\000c\000i\000e\000s\000\040\000a\000n\000d\000\040\000E\000n\000v\000i\000r\000o\000n\000m\000e\000n\000t}{}% 95
\BOOKMARK [1][-]{section.9.1}{\376\377\000C\000r\000i\000t\000i\000c\000a\000l\000\040\000D\000e\000p\000e\000n\000d\000e\000n\000c\000i\000e\000s}{chapter.9}% 96
\BOOKMARK [1][-]{section.9.2}{\376\377\000O\000p\000t\000i\000o\000n\000a\000l\000\040\000D\000e\000p\000e\000n\000d\000e\000n\000c\000i\000e\000s}{chapter.9}% 97
\BOOKMARK [1][-]{section.9.3}{\376\377\000E\000n\000v\000i\000r\000o\000n\000m\000e\000n\000t\000\040\000V\000a\000r\000i\000a\000b\000l\000e\000s}{chapter.9}% 98
\BOOKMARK [1][-]{section.9.4}{\376\377\000P\000y\000t\000h\000o\000n\000\040\000C\000o\000n\000c\000e\000p\000t\000s}{chapter.9}% 99
\BOOKMARK [2][-]{subsection.9.4.1}{\376\377\000M\000o\000d\000e\000l\000\040\000R\000e\000g\000i\000s\000t\000r\000y\000\040\000P\000a\000t\000t\000e\000r\000n}{section.9.4}% 100
\BOOKMARK [2][-]{subsection.9.4.2}{\376\377\000F\000a\000c\000t\000o\000r\000y\000\040\000M\000e\000t\000h\000o\000d\000\040\000w\000i\000t\000h\000\040\000C\000L\000I\000\040\000I\000n\000t\000e\000g\000r\000a\000t\000i\000o\000n}{section.9.4}% 101
\BOOKMARK [2][-]{subsection.9.4.3}{\376\377\000C\000h\000a\000t\000\040\000T\000e\000m\000p\000l\000a\000t\000e\000\040\000P\000a\000t\000t\000e\000r\000n}{section.9.4}% 102
\BOOKMARK [2][-]{subsection.9.4.4}{\376\377\000P\000r\000e\000f\000i\000x\000-\000A\000l\000l\000o\000w\000e\000d\000-\000T\000o\000k\000e\000n\000s\000\040\000C\000a\000l\000l\000b\000a\000c\000k}{section.9.4}% 103
\BOOKMARK [2][-]{subsection.9.4.5}{\376\377\000F\000r\000o\000z\000e\000n\000\040\000S\000e\000t\000s\000\040\000f\000o\000r\000\040\000T\000y\000p\000e\000\040\000S\000a\000f\000e\000t\000y}{section.9.4}% 104
\BOOKMARK [2][-]{subsection.9.4.6}{\376\377\000L\000a\000z\000y\000\040\000I\000n\000i\000t\000i\000a\000l\000i\000s\000a\000t\000i\000o\000n\000\040\000a\000n\000d\000\040\000S\000i\000n\000g\000l\000e\000t\000o\000n\000\040\000W\000o\000r\000k\000e\000r\000s}{section.9.4}% 105
\BOOKMARK [1][-]{section.9.5}{\376\377\000P\000a\000c\000k\000a\000g\000e\000\040\000M\000a\000n\000a\000g\000e\000m\000e\000n\000t}{chapter.9}% 106
\BOOKMARK [0][-]{chapter.10}{\376\377\000E\000x\000p\000e\000r\000i\000m\000e\000n\000t\000\040\000W\000o\000r\000k\000f\000l\000o\000w\000s}{}% 107
\BOOKMARK [1][-]{section.10.1}{\376\377\000Z\000e\000r\000o\000-\000S\000h\000o\000t\000\040\000B\000a\000s\000e\000l\000i\000n\000e}{chapter.10}% 108
\BOOKMARK [1][-]{section.10.2}{\376\377\000G\000C\000R\000\040\000B\000a\000s\000e\000l\000i\000n\000e}{chapter.10}% 109
\BOOKMARK [1][-]{section.10.3}{\376\377\000D\000C\000A\000-\000T\000r\000i\000e\000\040\000v\0001\000\040\000\050\000S\000y\000m\000b\000o\000l\000i\000c\000\051}{chapter.10}% 110
\BOOKMARK [1][-]{section.10.4}{\376\377\000D\000C\000A\000-\000T\000r\000i\000e\000\040\000v\0002\000\040\000\050\000S\000t\000e\000p\000-\000W\000i\000s\000e\000\051}{chapter.10}% 111
\BOOKMARK [1][-]{section.10.5}{\376\377\000G\000r\000a\000p\000h\000\040\000I\000n\000d\000e\000x\000\040\000P\000r\000e\000-\000C\000o\000m\000p\000u\000t\000a\000t\000i\000o\000n}{chapter.10}% 112
\BOOKMARK [1][-]{section.10.6}{\376\377\000F\000i\000n\000e\000-\000T\000u\000n\000i\000n\000g\000\040\000a\000\040\000K\000G\000-\000S\000p\000e\000c\000i\000a\000l\000i\000s\000e\000d\000\040\000L\000L\000M}{chapter.10}% 113
\BOOKMARK [0][-]{chapter.11}{\376\377\000C\000L\000I\000\040\000R\000e\000f\000e\000r\000e\000n\000c\000e}{}% 114
\BOOKMARK [1][-]{section.11.1}{\376\377\000G\000l\000o\000b\000a\000l\000\040\000A\000r\000g\000u\000m\000e\000n\000t\000s}{chapter.11}% 115
\BOOKMARK [1][-]{section.11.2}{\376\377\000M\000o\000d\000e\000l\000\040\000A\000r\000g\000u\000m\000e\000n\000t\000s}{chapter.11}% 116
\BOOKMARK [1][-]{section.11.3}{\376\377\000D\000e\000c\000o\000d\000i\000n\000g\000\040\000S\000t\000r\000a\000t\000e\000g\000i\000e\000s}{chapter.11}% 117
\BOOKMARK [1][-]{section.11.4}{\376\377\000D\000C\000A\000-\000T\000r\000i\000e\000\040\000S\000p\000e\000c\000i\000f\000i\000c\000\040\000A\000r\000g\000u\000m\000e\000n\000t\000s}{chapter.11}% 118
\BOOKMARK [1][-]{section.11.5}{\376\377\000T\000r\000a\000i\000n\000i\000n\000g\000\040\000A\000r\000g\000u\000m\000e\000n\000t\000s}{chapter.11}% 119
\BOOKMARK [0][-]{chapter.12}{\376\377\000F\000r\000e\000q\000u\000e\000n\000t\000l\000y\000\040\000A\000s\000k\000e\000d\000\040\000Q\000u\000e\000s\000t\000i\000o\000n\000s}{}% 120
\BOOKMARK [1][-]{section.12.1}{\376\377\000A\000r\000c\000h\000i\000t\000e\000c\000t\000u\000r\000e\000\040\000a\000n\000d\000\040\000D\000e\000s\000i\000g\000n}{chapter.12}% 121
\BOOKMARK [1][-]{section.12.2}{\376\377\000E\000v\000a\000l\000u\000a\000t\000i\000o\000n}{chapter.12}% 122
\BOOKMARK [1][-]{section.12.3}{\376\377\000T\000r\000o\000u\000b\000l\000e\000s\000h\000o\000o\000t\000i\000n\000g}{chapter.12}% 123
\BOOKMARK [1][-]{section.12.4}{\376\377\000P\000e\000r\000f\000o\000r\000m\000a\000n\000c\000e}{chapter.12}% 124
\BOOKMARK [0][-]{chapter*.3}{\376\377\000A\000p\000p\000e\000n\000d\000i\000x\000:\000\040\000Q\000u\000i\000c\000k\000\040\000R\000e\000f\000e\000r\000e\000n\000c\000e}{}% 125
\BOOKMARK [1][-]{section.12.5}{\376\377\000F\000i\000l\000e\000\040\000F\000u\000n\000c\000t\000i\000o\000n\000\040\000M\000a\000p}{chapter*.3}% 126
\BOOKMARK [1][-]{section.12.6}{\376\377\000P\000y\000t\000h\000o\000n\000\040\000I\000n\000v\000o\000c\000a\000t\000i\000o\000n\000s\000\040\000Q\000u\000i\000c\000k\000\040\000R\000e\000f\000e\000r\000e\000n\000c\000e}{chapter*.3}% 127
