INFO:  latexindent version 3.24.7, 2025-08-15, a script to indent .tex files
       latexindent lives here: /usr/share/texmf-dist/scripts/latexindent/
       Sun May 24 09:54:50 2026
       Filename: /home/bernard/research/projects/graph-constrained-reasoning/paper/dca-trie-paper.tex
INFO:  Processing switches:
       -s|--silent: Silent mode active (you have used either -s or --silent)
       -w|--overwrite: Overwrite mode active, will make a back up before overwriting
INFO:  Directory for backup files and log file indent.log:
       /home/bernard/research/projects/graph-constrained-reasoning/paper
INFO:  YAML settings read: defaultSettings.yaml
       Reading defaultSettings.yaml from /usr/share/texmf-dist/scripts/latexindent/defaultSettings.yaml
INFO:  YAML reading settings
       Home directory is /home/bernard
       latexindent.pl didn't find indentconfig.yaml or .indentconfig.yaml
       see all possible locations: https://latexindentpl.readthedocs.io/en/latest/sec-appendices.html#indentconfig-options)
INFO:  Backup procedure (-w flag active):
       /home/bernard/research/projects/graph-constrained-reasoning/paper/dca-trie-paper.bak0 already exists, incrementing by 1 (see maxNumberOfBackUps)
       /home/bernard/research/projects/graph-constrained-reasoning/paper/dca-trie-paper.bak1 already exists, incrementing by 1 (see maxNumberOfBackUps)
       /home/bernard/research/projects/graph-constrained-reasoning/paper/dca-trie-paper.bak2 already exists, incrementing by 1 (see maxNumberOfBackUps)
       /home/bernard/research/projects/graph-constrained-reasoning/paper/dca-trie-paper.bak3 already exists, incrementing by 1 (see maxNumberOfBackUps)
       /home/bernard/research/projects/graph-constrained-reasoning/paper/dca-trie-paper.bak4 already exists, incrementing by 1 (see maxNumberOfBackUps)
       /home/bernard/research/projects/graph-constrained-reasoning/paper/dca-trie-paper.bak5 already exists, incrementing by 1 (see maxNumberOfBackUps)
       /home/bernard/research/projects/graph-constrained-reasoning/paper/dca-trie-paper.bak6 already exists, incrementing by 1 (see maxNumberOfBackUps)
       /home/bernard/research/projects/graph-constrained-reasoning/paper/dca-trie-paper.bak7 already exists, incrementing by 1 (see maxNumberOfBackUps)
       /home/bernard/research/projects/graph-constrained-reasoning/paper/dca-trie-paper.bak8 already exists, incrementing by 1 (see maxNumberOfBackUps)
       /home/bernard/research/projects/graph-constrained-reasoning/paper/dca-trie-paper.bak9 already exists, incrementing by 1 (see maxNumberOfBackUps)
       /home/bernard/research/projects/graph-constrained-reasoning/paper/dca-trie-paper.bak10 already exists, incrementing by 1 (see maxNumberOfBackUps)
       /home/bernard/research/projects/graph-constrained-reasoning/paper/dca-trie-paper.bak11 already exists, incrementing by 1 (see maxNumberOfBackUps)
       /home/bernard/research/projects/graph-constrained-reasoning/paper/dca-trie-paper.bak12 already exists, incrementing by 1 (see maxNumberOfBackUps)
       /home/bernard/research/projects/graph-constrained-reasoning/paper/dca-trie-paper.bak13 already exists, incrementing by 1 (see maxNumberOfBackUps)
       /home/bernard/research/projects/graph-constrained-reasoning/paper/dca-trie-paper.bak14 already exists, incrementing by 1 (see maxNumberOfBackUps)
       /home/bernard/research/projects/graph-constrained-reasoning/paper/dca-trie-paper.bak15 already exists, incrementing by 1 (see maxNumberOfBackUps)
       /home/bernard/research/projects/graph-constrained-reasoning/paper/dca-trie-paper.bak16 already exists, incrementing by 1 (see maxNumberOfBackUps)
       /home/bernard/research/projects/graph-constrained-reasoning/paper/dca-trie-paper.bak17 already exists, incrementing by 1 (see maxNumberOfBackUps)
       /home/bernard/research/projects/graph-constrained-reasoning/paper/dca-trie-paper.bak18 already exists, incrementing by 1 (see maxNumberOfBackUps)
       /home/bernard/research/projects/graph-constrained-reasoning/paper/dca-trie-paper.bak19 already exists, incrementing by 1 (see maxNumberOfBackUps)
       Backing up /home/bernard/research/projects/graph-constrained-reasoning/paper/dca-trie-paper.tex to /home/bernard/research/projects/graph-constrained-reasoning/paper/dca-trie-paper.bak20...
       /home/bernard/research/projects/graph-constrained-reasoning/paper/dca-trie-paper.tex will be overwritten after indentation
INFO:  Phase 1: searching for objects
INFO:  Phase 2: finding surrounding indentation
INFO:  Phase 3: indenting objects
INFO:  Phase 4: final indentation check
INFO:  Output routine:
       Overwriting file /home/bernard/research/projects/graph-constrained-reasoning/paper/dca-trie-paper.tex
       --------------
INFO:  Please direct all communication/issues to:
        https://github.com/cmhughes/latexindent.pl
